{
  "RSpec": {
    "coverage": {
      "/Users/student/Dropbox/Projects/tech_test_SP/spec/webserver_spec.rb": [
        1,
        1,
        null,
        1,
        6,
        null,
        1,
        1,
        null,
        null,
        1,
        1,
        null,
        null,
        1,
        1,
        1,
        null,
        null,
        1,
        1,
        1,
        null,
        null,
        1,
        1,
        1,
        1,
        1,
        null,
        null,
        null
      ],
      "/Users/student/Dropbox/Projects/tech_test_SP/lib/webserver.rb": [
        1,
        1,
        null,
        1,
        5,
        5,
        5,
        null,
        null,
        1,
        61,
        61,
        null,
        null,
        1,
        1,
        15,
        null,
        null,
        null,
        1,
        3,
        3,
        60,
        null,
        3,
        3,
        null,
        null,
        null
      ],
      "/Users/student/Dropbox/Projects/tech_test_SP/spec/page_visit_helper.rb": [
        1,
        24,
        16,
        32,
        null
      ]
    },
    "timestamp": 1559561869
  }
}
